{
  "RSpec": {
    "coverage": {
      "/Users/hsing-huihsu/Ada-class/rails_projects/event_calendar/config/environment.rb": [
        null,
        1,
        null,
        null,
        1,
        null,
        1,
        null,
        null,
        null,
        null,
        null,
        null,
        null,
        null,
        null,
        null,
        null
      ],
      "/Users/hsing-huihsu/Ada-class/rails_projects/event_calendar/config/application.rb": [
        1,
        null,
        1,
        null,
        null,
        null,
        1,
        null,
        1,
        1,
        null,
        null,
        null,
        null,
        null,
        null,
        null,
        null,
        null,
        null,
        null,
        null,
        null
      ],
      "/Users/hsing-huihsu/Ada-class/rails_projects/event_calendar/config/boot.rb": [
        null,
        1,
        null,
        1
      ],
      "/Users/hsing-huihsu/Ada-class/rails_projects/event_calendar/config/environments/test.rb": [
        1,
        null,
        null,
        null,
        null,
        null,
        null,
        1,
        null,
        null,
        null,
        null,
        1,
        null,
        null,
        1,
        1,
        null,
        null,
        1,
        1,
        null,
        null,
        1,
        null,
        null,
        1,
        null,
        null,
        null,
        null,
        1,
        null,
        null,
        1,
        null
      ],
      "/Users/hsing-huihsu/Ada-class/rails_projects/event_calendar/config/initializers/backtrace_silencers.rb": [
        null,
        null,
        null,
        null,
        null,
        null,
        null
      ],
      "/Users/hsing-huihsu/Ada-class/rails_projects/event_calendar/config/initializers/filter_parameter_logging.rb": [
        null,
        null,
        null,
        1
      ],
      "/Users/hsing-huihsu/Ada-class/rails_projects/event_calendar/config/initializers/inflections.rb": [
        null,
        null,
        null,
        null,
        null,
        null,
        null,
        null,
        null,
        null,
        null,
        null,
        null,
        null,
        null,
        null
      ],
      "/Users/hsing-huihsu/Ada-class/rails_projects/event_calendar/config/initializers/mime_types.rb": [
        null,
        null,
        null,
        null,
        null
      ],
      "/Users/hsing-huihsu/Ada-class/rails_projects/event_calendar/config/initializers/secret_token.rb": [
        null,
        null,
        null,
        null,
        null,
        null,
        null,
        null,
        null,
        null,
        null,
        1
      ],
      "/Users/hsing-huihsu/Ada-class/rails_projects/event_calendar/config/initializers/session_store.rb": [
        null,
        null,
        1
      ],
      "/Users/hsing-huihsu/Ada-class/rails_projects/event_calendar/config/initializers/wrap_parameters.rb": [
        null,
        null,
        null,
        null,
        null,
        null,
        1,
        1,
        null,
        null,
        null,
        null,
        null,
        null
      ],
      "/Users/hsing-huihsu/Ada-class/rails_projects/event_calendar/config/routes.rb": [
        1,
        null,
        1,
        1,
        1,
        1,
        null,
        1,
        1,
        null,
        null,
        1,
        1,
        1,
        1,
        1,
        1,
        1,
        null,
        1,
        1,
        null
      ],
      "/Users/hsing-huihsu/Ada-class/rails_projects/event_calendar/app/helpers/application_helper.rb": [
        1,
        null
      ],
      "/Users/hsing-huihsu/Ada-class/rails_projects/event_calendar/app/helpers/comment_helper.rb": [
        1,
        null
      ],
      "/Users/hsing-huihsu/Ada-class/rails_projects/event_calendar/app/helpers/events_helper.rb": [
        1,
        1,
        0,
        null,
        null,
        0,
        null,
        0,
        null,
        0,
        null,
        0,
        null,
        0,
        null,
        0,
        null,
        0,
        0,
        0,
        null,
        null
      ],
      "/Users/hsing-huihsu/Ada-class/rails_projects/event_calendar/app/helpers/events_users_helper.rb": [
        1,
        null
      ],
      "/Users/hsing-huihsu/Ada-class/rails_projects/event_calendar/app/helpers/session_helper.rb": [
        1,
        null
      ],
      "/Users/hsing-huihsu/Ada-class/rails_projects/event_calendar/app/helpers/users_helper.rb": [
        1,
        null
      ],
      "/Users/hsing-huihsu/Ada-class/rails_projects/event_calendar/app/helpers/visitors_helper.rb": [
        1,
        null
      ],
      "/Users/hsing-huihsu/Ada-class/rails_projects/event_calendar/app/controllers/events_controller.rb": [
        1,
        1,
        1,
        null,
        1,
        null,
        1,
        0,
        null,
        null,
        1,
        null,
        null,
        1,
        null,
        null,
        1,
        3,
        null,
        null,
        1,
        0,
        0,
        0,
        null,
        null,
        null,
        0,
        0,
        null,
        0,
        null,
        null,
        null,
        1,
        0,
        0,
        null,
        0,
        null,
        null,
        null,
        1,
        0,
        0,
        0,
        null,
        null,
        null,
        1,
        0,
        null,
        null,
        1,
        0,
        0,
        null,
        null,
        1,
        0,
        0,
        0,
        null,
        null,
        1,
        null,
        1,
        1,
        null,
        null,
        1,
        0,
        null,
        null
      ],
      "/Users/hsing-huihsu/Ada-class/rails_projects/event_calendar/app/controllers/application_controller.rb": [
        1,
        null,
        null,
        1,
        null,
        1,
        null,
        1,
        0,
        null,
        1,
        null,
        1,
        0,
        null,
        null,
        null,
        null,
        null,
        null,
        null,
        null,
        null,
        null,
        null,
        null,
        null,
        null,
        null,
        null,
        null,
        null,
        null,
        null,
        null,
        null,
        null,
        null,
        null,
        null,
        null,
        null,
        null,
        null,
        null,
        null,
        null,
        null,
        null,
        null,
        null,
        null,
        null,
        null
      ],
      "/Users/hsing-huihsu/Ada-class/rails_projects/event_calendar/spec/controllers/users_controller_spec.rb": [
        1,
        null,
        1,
        null,
        1,
        1,
        1,
        1,
        1,
        null,
        null,
        1,
        1,
        1,
        null,
        null,
        null,
        null,
        1,
        1,
        1,
        1,
        null,
        null,
        1,
        1,
        1,
        null,
        null,
        null
      ],
      "/Users/hsing-huihsu/Ada-class/rails_projects/event_calendar/app/controllers/users_controller.rb": [
        1,
        1,
        null,
        1,
        2,
        null,
        null,
        1,
        2,
        null,
        null,
        1,
        null,
        null,
        1,
        0,
        0,
        null,
        0,
        0,
        null,
        0,
        null,
        null,
        null,
        1,
        0,
        0,
        null,
        0,
        null,
        null,
        null,
        1,
        null,
        1,
        0,
        null,
        null,
        1,
        0,
        null,
        null
      ],
      "/Users/hsing-huihsu/Ada-class/rails_projects/event_calendar/spec/controllers/visitors_controller_spec.rb": [
        1,
        null,
        1,
        null,
        null
      ],
      "/Users/hsing-huihsu/Ada-class/rails_projects/event_calendar/app/controllers/visitors_controller.rb": [
        1,
        1,
        null,
        1,
        0,
        null,
        null
      ],
      "/Users/hsing-huihsu/Ada-class/rails_projects/event_calendar/spec/helpers/visitors_helper_spec.rb": [
        1,
        null,
        null,
        null,
        null,
        null,
        null,
        null,
        null,
        null,
        null,
        null,
        1,
        1,
        null
      ],
      "/Users/hsing-huihsu/Ada-class/rails_projects/event_calendar/spec/models/comment_spec.rb": [
        1,
        null,
        1,
        2,
        null,
        1,
        1,
        1,
        null,
        null
      ],
      "/Users/hsing-huihsu/Ada-class/rails_projects/event_calendar/app/models/comment.rb": [
        1,
        1,
        1,
        null
      ],
      "/Users/hsing-huihsu/Ada-class/rails_projects/event_calendar/spec/models/event_spec.rb": [
        1,
        null,
        1,
        null,
        1,
        4,
        null,
        1,
        1,
        1,
        null,
        null,
        1,
        1,
        1,
        null,
        null,
        1,
        1,
        1,
        null,
        null,
        null
      ],
      "/Users/hsing-huihsu/Ada-class/rails_projects/event_calendar/app/models/event.rb": [
        1,
        1,
        1,
        1,
        1,
        1,
        null,
        1,
        1,
        1,
        1,
        1,
        1,
        null,
        1,
        0,
        null,
        null,
        1,
        0,
        null,
        null
      ],
      "/Users/hsing-huihsu/Ada-class/rails_projects/event_calendar/spec/models/visitor_spec.rb": [
        1,
        null,
        1,
        1,
        null
      ],
      "/Users/hsing-huihsu/Ada-class/rails_projects/event_calendar/app/models/visitor.rb": [
        1,
        null,
        1,
        0,
        null,
        null,
        1,
        0,
        null,
        null,
        1,
        0,
        null,
        null,
        1,
        0,
        null,
        null,
        1,
        0,
        null,
        null,
        1,
        0,
        null,
        null,
        1,
        0,
        null,
        null,
        1,
        0,
        null,
        null,
        1,
        0,
        null,
        null,
        1,
        0,
        null,
        null,
        1,
        0,
        null,
        null,
        1,
        0,
        null,
        null,
        1,
        0,
        null,
        null,
        1,
        0,
        null,
        null
      ],
      "/Users/hsing-huihsu/Ada-class/rails_projects/event_calendar/app/models/user.rb": [
        1,
        1,
        1,
        1,
        1,
        1,
        1,
        1,
        null
      ]
    },
    "timestamp": 1393560452
  }
}
